<?xml version="1.0" encoding="UTF-8"?>
<!-- Generated by org.testng.reporters.JUnitXMLReporter -->
<testsuite ignored="0" hostname="DESKTOP-IM707DO" failures="1" tests="1" name="ContactFormTest" time="7.148" errors="0" timestamp="2026-05-24T22:17:30 IST">
  <testcase classname="BaseTest.ContactFormTest" name="fillContactFormWithCaptcha" time="4.133">
    <failure type="org.openqa.selenium.ElementClickInterceptedException" message="element click intercepted: Element &amp;lt;input type=&amp;quot;text&amp;quot; id=&amp;quot;first-name&amp;quot; name=&amp;quot;firstName&amp;quot; required=&amp;quot;&amp;quot; class=&amp;quot;upcoming__registration--input&amp;quot; minlength=&amp;quot;1&amp;quot; placeholder=&amp;quot; &amp;quot; maxlength=&amp;quot;40&amp;quot; pattern=&amp;quot;^[a-zA-Z]+$&amp;quot;&amp;gt; is not clickable at point (381, 27). Other element would receive the click: &amp;lt;div class=&amp;quot;row align-items-center&amp;quot;&amp;gt;...&amp;lt;/div&amp;gt;
  (Session info: chrome=148.0.7778.179)
Build info: version: &amp;apos;4.18.1&amp;apos;, revision: &amp;apos;b1d3319b48&amp;apos;
System info: os.name: &amp;apos;Windows 11&amp;apos;, os.arch: &amp;apos;amd64&amp;apos;, os.version: &amp;apos;10.0&amp;apos;, java.version: &amp;apos;17.0.12&amp;apos;
Driver info: org.openqa.selenium.chrome.ChromeDriver
Command: [ea472c6c65534b8335d3b98f29efdcdf, clickElement {id=f.6ED9C6602E3B8A3F76A47FADAA9E85DF.d.7995A15880E9623ABC76E40F9FD93EA2.e.18}]
Capabilities {acceptInsecureCerts: false, browserName: chrome, browserVersion: 148.0.7778.179, chrome: {chromedriverVersion: 148.0.7778.178 (d096af1c9e9..., userDataDir: C:\Users\MUSKUK~1\AppData\L...}, fedcm:accounts: true, goog:chromeOptions: {debuggerAddress: localhost:51477}, goog:processID: 26880, networkConnectionEnabled: false, pageLoadStrategy: normal, platformName: windows, proxy: Proxy(), se:cdp: ws://localhost:51477/devtoo..., se:cdpVersion: 148.0.7778.179, setWindowRect: true, strictFileInteractability: false, timeouts: {implicit: 0, pageLoad: 300000, script: 30000}, unhandledPromptBehavior: dismiss and notify, webauthn:extension:credBlob: true, webauthn:extension:largeBlob: true, webauthn:extension:minPinLength: true, webauthn:extension:prf: true, webauthn:virtualAuthenticators: true}
Element: [[ChromeDriver: chrome on windows (ea472c6c65534b8335d3b98f29efdcdf)] -&amp;gt; id: first-name]
Session ID: ea472c6c65534b8335d3b98f29efdcdf">
      <![CDATA[org.openqa.selenium.ElementClickInterceptedException: element click intercepted: Element <input type="text" id="first-name" name="firstName" required="" class="upcoming__registration--input" minlength="1" placeholder=" " maxlength="40" pattern="^[a-zA-Z]+$"> is not clickable at point (381, 27). Other element would receive the click: <div class="row align-items-center">...</div>
  (Session info: chrome=148.0.7778.179)
Build info: version: '4.18.1', revision: 'b1d3319b48'
System info: os.name: 'Windows 11', os.arch: 'amd64', os.version: '10.0', java.version: '17.0.12'
Driver info: org.openqa.selenium.chrome.ChromeDriver
Command: [ea472c6c65534b8335d3b98f29efdcdf, clickElement {id=f.6ED9C6602E3B8A3F76A47FADAA9E85DF.d.7995A15880E9623ABC76E40F9FD93EA2.e.18}]
Capabilities {acceptInsecureCerts: false, browserName: chrome, browserVersion: 148.0.7778.179, chrome: {chromedriverVersion: 148.0.7778.178 (d096af1c9e9..., userDataDir: C:\Users\MUSKUK~1\AppData\L...}, fedcm:accounts: true, goog:chromeOptions: {debuggerAddress: localhost:51477}, goog:processID: 26880, networkConnectionEnabled: false, pageLoadStrategy: normal, platformName: windows, proxy: Proxy(), se:cdp: ws://localhost:51477/devtoo..., se:cdpVersion: 148.0.7778.179, setWindowRect: true, strictFileInteractability: false, timeouts: {implicit: 0, pageLoad: 300000, script: 30000}, unhandledPromptBehavior: dismiss and notify, webauthn:extension:credBlob: true, webauthn:extension:largeBlob: true, webauthn:extension:minPinLength: true, webauthn:extension:prf: true, webauthn:virtualAuthenticators: true}
Element: [[ChromeDriver: chrome on windows (ea472c6c65534b8335d3b98f29efdcdf)] -> id: first-name]
Session ID: ea472c6c65534b8335d3b98f29efdcdf
at org.openqa.selenium.remote.ErrorCodec.decode(ErrorCodec.java:167)
at org.openqa.selenium.remote.codec.w3c.W3CHttpResponseCodec.decode(W3CHttpResponseCodec.java:138)
at org.openqa.selenium.remote.codec.w3c.W3CHttpResponseCodec.decode(W3CHttpResponseCodec.java:50)
at org.openqa.selenium.remote.HttpCommandExecutor.execute(HttpCommandExecutor.java:190)
at org.openqa.selenium.remote.service.DriverCommandExecutor.invokeExecute(DriverCommandExecutor.java:216)
at org.openqa.selenium.remote.service.DriverCommandExecutor.execute(DriverCommandExecutor.java:174)
at org.openqa.selenium.remote.RemoteWebDriver.execute(RemoteWebDriver.java:519)
at org.openqa.selenium.remote.RemoteWebElement.execute(RemoteWebElement.java:223)
at org.openqa.selenium.remote.RemoteWebElement.click(RemoteWebElement.java:76)
at base.BasePage.typeIntoField(BasePage.java:48)
at BaseTest.ContactFormTest.fillContactFormWithCaptcha(ContactFormTest.java:17)
at java.base/java.util.ArrayList.forEach(ArrayList.java:1511)
... Removed 32 stack frames]]>
    </failure>
  </testcase> <!-- fillContactFormWithCaptcha -->
</testsuite> <!-- ContactFormTest -->
