<?xml version="1.0" encoding="UTF-8"?>
<testng-results ignored="0" total="1" passed="1" failed="0" skipped="0">
  <reporter-output>
  </reporter-output>
  <suite started-at="2026-05-26T00:20:15 IST" name="Default suite" finished-at="2026-05-26T00:20:25 IST" duration-ms="9820">
    <groups>
    </groups>
    <test started-at="2026-05-26T00:20:15 IST" name="Default test" finished-at="2026-05-26T00:20:25 IST" duration-ms="9820">
      <class name="BaseTest.Elements">
        <test-method is-config="true" signature="setUp()[pri:0, instance:BaseTest.Elements@1e800aaa]" started-at="2026-05-26T00:20:15 IST" name="setUp" finished-at="2026-05-26T00:20:19 IST" duration-ms="3550" status="PASS">
          <reporter-output>
          </reporter-output>
        </test-method> <!-- setUp -->
        <test-method signature="ElementTab()[pri:0, instance:BaseTest.Elements@1e800aaa]" started-at="2026-05-26T00:20:19 IST" name="ElementTab" finished-at="2026-05-26T00:20:24 IST" duration-ms="5765" status="PASS">
          <reporter-output>
          </reporter-output>
        </test-method> <!-- ElementTab -->
        <test-method is-config="true" signature="tearDown()[pri:0, instance:BaseTest.Elements@1e800aaa]" started-at="2026-05-26T00:20:24 IST" name="tearDown" finished-at="2026-05-26T00:20:25 IST" duration-ms="417" status="PASS">
          <reporter-output>
          </reporter-output>
        </test-method> <!-- tearDown -->
      </class> <!-- BaseTest.Elements -->
    </test> <!-- Default test -->
  </suite> <!-- Default suite -->
</testng-results>
