<?xml version="1.0" encoding="UTF-8"?>
<testng-results ignored="0" total="1" passed="1" failed="0" skipped="0">
  <reporter-output>
  </reporter-output>
  <suite started-at="2026-05-22T20:12:03 IST" name="Default suite" finished-at="2026-05-22T20:12:28 IST" duration-ms="24698">
    <groups>
    </groups>
    <test started-at="2026-05-22T20:12:03 IST" name="Default test" finished-at="2026-05-22T20:12:28 IST" duration-ms="24698">
      <class name="BaseTest.RegisterTest">
        <test-method is-config="true" signature="setUp()[pri:0, instance:BaseTest.RegisterTest@1e800aaa]" started-at="2026-05-22T20:12:03 IST" name="setUp" finished-at="2026-05-22T20:12:06 IST" duration-ms="2705" status="PASS">
          <reporter-output>
          </reporter-output>
        </test-method> <!-- setUp -->
        <test-method signature="loginOrRegisterTest()[pri:0, instance:BaseTest.RegisterTest@1e800aaa]" started-at="2026-05-22T20:12:06 IST" name="loginOrRegisterTest" finished-at="2026-05-22T20:12:27 IST" duration-ms="21300" status="PASS">
          <reporter-output>
          </reporter-output>
        </test-method> <!-- loginOrRegisterTest -->
        <test-method is-config="true" signature="tearDown()[pri:0, instance:BaseTest.RegisterTest@1e800aaa]" started-at="2026-05-22T20:12:27 IST" name="tearDown" finished-at="2026-05-22T20:12:28 IST" duration-ms="572" status="PASS">
          <reporter-output>
          </reporter-output>
        </test-method> <!-- tearDown -->
      </class> <!-- BaseTest.RegisterTest -->
    </test> <!-- Default test -->
  </suite> <!-- Default suite -->
</testng-results>
